<testsuites id="" name="" tests="4" failures="0" skipped="0" errors="0" time="34.286585">
<testsuite name="AdminTest\InPatientAppointmentTest.spec.js" timestamp="2025-10-24T09:50:52.906Z" hostname="chromium" tests="4" failures="0" skipped="0" time="24.127" errors="0">
<testcase name="TS03 - IP Appointment › TC001 - Login with valid Credentials" classname="AdminTest\InPatientAppointmentTest.spec.js" time="6.177">
</testcase>
<testcase name="TS03 - IP Appointment › TC002 - Select User Role" classname="AdminTest\InPatientAppointmentTest.spec.js" time="7.306">
</testcase>
<testcase name="TS03 - IP Appointment › TC003 - Navigate to Ip Module" classname="AdminTest\InPatientAppointmentTest.spec.js" time="8.489">
</testcase>
<testcase name="TS03 - IP Appointment › TC004 - View the data" classname="AdminTest\InPatientAppointmentTest.spec.js" time="2.155">
</testcase>
</testsuite>
</testsuites>