<testsuites id="" name="" tests="8" failures="0" skipped="0" errors="0" time="107.785452">
<testsuite name="AdminTest\TreatmentMasterTest.spec.js" timestamp="2025-11-07T05:20:45.328Z" hostname="chromium" tests="8" failures="0" skipped="0" time="99.43" errors="0">
<testcase name="TS05 - Service Category › TC001 - Login with valid Credentials" classname="AdminTest\TreatmentMasterTest.spec.js" time="6.156">
</testcase>
<testcase name="TS05 - Service Category › TC002 - Select User Role" classname="AdminTest\TreatmentMasterTest.spec.js" time="7.182">
</testcase>
<testcase name="TS05 - Service Category › TC003 - Navigate to TreatmentMaster " classname="AdminTest\TreatmentMasterTest.spec.js" time="5.294">
</testcase>
<testcase name="TS05 - Service Category › TC004 - Add Treatment Master" classname="AdminTest\TreatmentMasterTest.spec.js" time="18.92">
</testcase>
<testcase name="TS05 - Service Category › TC005 - Cancel the add Treatment Master" classname="AdminTest\TreatmentMasterTest.spec.js" time="22.972">
</testcase>
<testcase name="TS05 - Service Category › TC006 - edit Treatment Master" classname="AdminTest\TreatmentMasterTest.spec.js" time="23.065">
</testcase>
<testcase name="TS05 - Service Category › TC007 - view Treatment Master" classname="AdminTest\TreatmentMasterTest.spec.js" time="6.262">
</testcase>
<testcase name="TS05 - Service Category › TC008 - delete Treatment Master" classname="AdminTest\TreatmentMasterTest.spec.js" time="9.579">
</testcase>
</testsuite>
</testsuites>