<testsuites id="" name="" tests="7" failures="0" skipped="0" errors="0" time="59.844133">
<testsuite name="AdminTest\MaterialCategoryTest.spec.js" timestamp="2025-09-24T04:16:47.619Z" hostname="chromium" tests="7" failures="0" skipped="0" time="53.691" errors="0">
<testcase name="TS03 - Material Category › TC001 - Login with valid Credentials" classname="AdminTest\MaterialCategoryTest.spec.js" time="6.147">
</testcase>
<testcase name="TS03 - Material Category › TC002 - Select User Role" classname="AdminTest\MaterialCategoryTest.spec.js" time="7.14">
</testcase>
<testcase name="TS03 - Material Category › TC003 - Navigate to Material category" classname="AdminTest\MaterialCategoryTest.spec.js" time="4.312">
</testcase>
<testcase name="TS03 - Material Category › TC004 - add category with valid data" classname="AdminTest\MaterialCategoryTest.spec.js" time="12.093">
</testcase>
<testcase name="TS03 - Material Category › TC005 - edit material category" classname="AdminTest\MaterialCategoryTest.spec.js" time="10.974">
</testcase>
<testcase name="TS03 - Material Category › TC006 - view material category" classname="AdminTest\MaterialCategoryTest.spec.js" time="5.147">
</testcase>
<testcase name="TS03 - Material Category › TC007 - delete material category" classname="AdminTest\MaterialCategoryTest.spec.js" time="7.878">
</testcase>
</testsuite>
</testsuites>