<testsuites id="" name="" tests="4" failures="0" skipped="0" errors="0" time="31.643338">
<testsuite name="AdminTest\InPatientAppointmentTest.spec.js" timestamp="2025-10-23T10:44:06.310Z" hostname="chromium" tests="4" failures="0" skipped="0" time="23.838" errors="0">
<testcase name="TS03 - IP Appointment › TC001 - Login with valid Credentials" classname="AdminTest\InPatientAppointmentTest.spec.js" time="6.149">
</testcase>
<testcase name="TS03 - IP Appointment › TC002 - Select User Role" classname="AdminTest\InPatientAppointmentTest.spec.js" time="7.213">
</testcase>
<testcase name="TS03 - IP Appointment › TC003 - Navigate to Ip Module" classname="AdminTest\InPatientAppointmentTest.spec.js" time="8.374">
</testcase>
<testcase name="TS03 - IP Appointment › TC004 - View the data" classname="AdminTest\InPatientAppointmentTest.spec.js" time="2.102">
</testcase>
</testsuite>
</testsuites>