<testsuites id="" name="" tests="9" failures="1" skipped="3" errors="0" time="78.56759699999999">
<testsuite name="AdminTest\TaskStageTest.spec.js" timestamp="2025-10-30T12:47:16.502Z" hostname="chromium" tests="9" failures="1" skipped="3" time="56.191" errors="0">
<testcase name="TS03 - Task Stage › TC001 - Login with valid Credentials" classname="AdminTest\TaskStageTest.spec.js" time="6.395">
</testcase>
<testcase name="TS03 - Task Stage › TC002 - Select User Role" classname="AdminTest\TaskStageTest.spec.js" time="8.947">
</testcase>
<testcase name="TS03 - Task Stage › TC003 - Navigate to Task Management" classname="AdminTest\TaskStageTest.spec.js" time="5.98">
</testcase>
<testcase name="TS03 - Task Stage › TC004 - Add task stage with valid data" classname="AdminTest\TaskStageTest.spec.js" time="17.634">
</testcase>
<testcase name="TS03 - Task Stage › TC005 - Cancel task stage with valid data" classname="AdminTest\TaskStageTest.spec.js" time="16.15">
</testcase>
<testcase name="TS03 - Task Stage › TC006 - edit task stage details" classname="AdminTest\TaskStageTest.spec.js" time="1.084">
<failure message="TaskStageTest.spec.js:107:5 TC006 - edit task stage details" type="FAILURE">
<![CDATA[  [chromium] › AdminTest\TaskStageTest.spec.js:107:5 › TS03 - Task Stage › TC006 - edit task stage details 

    Error: locator.type: text: expected string, got undefined

       at ..\POM_AdminPages\TaskStagePage.js:177

      175 |
      176 |     async searchTheValue(searchValue) {
    > 177 |         await this.search.type(searchValue);
          |                           ^
      178 |         await this.page.waitForTimeout(1000);
      179 |
      180 |     }
        at TaskStagePage.searchTheValue (C:\PetClinic_ArunKumar\petclinic-playwright-test\POM_AdminPages\TaskStagePage.js:177:27)
        at C:\PetClinic_ArunKumar\petclinic-playwright-test\tests\AdminTest\TaskStageTest.spec.js:116:29

    Error Context: ..\test-results\AdminTest-TaskStageTest-TS-8277e-6---edit-task-stage-details-chromium\error-context.md
]]>
</failure>
<system-out>
<![CDATA[
[[ATTACHMENT|..\test-results\AdminTest-TaskStageTest-TS-8277e-6---edit-task-stage-details-chromium\error-context.md]]
]]>
</system-out>
</testcase>
<testcase name="TS03 - Task Stage › TC007 - view task stage" classname="AdminTest\TaskStageTest.spec.js" time="0.001">
<skipped>
</skipped>
</testcase>
<testcase name="TS03 - Task Stage › TC008 - delete task stage details" classname="AdminTest\TaskStageTest.spec.js" time="0">
<skipped>
</skipped>
</testcase>
<testcase name="TS03 - Task Stage › TC009 - Add task stage with Invalid data" classname="AdminTest\TaskStageTest.spec.js" time="0">
<skipped>
</skipped>
</testcase>
</testsuite>
</testsuites>