<testsuites id="" name="" tests="5" failures="2" skipped="0" errors="0" time="88.80778099999999">
<testsuite name="AdminTest\AdoptionTest.spec.js" timestamp="2025-09-11T12:58:56.987Z" hostname="chromium" tests="5" failures="2" skipped="0" time="76.586" errors="0">
<testcase name="TS02 - Adoption Requests Module Tests › TC001 - Login with valid Credentials" classname="AdminTest\AdoptionTest.spec.js" time="6.133">
</testcase>
<testcase name="TS02 - Adoption Requests Module Tests › TC002 - Select User Role" classname="AdminTest\AdoptionTest.spec.js" time="5.17">
</testcase>
<testcase name="TS02 - Adoption Requests Module Tests › TC003 - Naviagate to Adoption Module" classname="AdminTest\AdoptionTest.spec.js" time="5.269">
</testcase>
<testcase name="TS02 - Adoption Requests Module Tests › TC008 - Select Foster Active" classname="AdminTest\AdoptionTest.spec.js" time="30.002">
<failure message="AdoptionTest.spec.js:171:5 TC008 - Select Foster Active" type="FAILURE">
<![CDATA[  [chromium] › AdminTest\AdoptionTest.spec.js:171:5 › TS02 - Adoption Requests Module Tests › TC008 - Select Foster Active 

    Test timeout of 30000ms exceeded.

    Error: locator.click: Test ended.
    Call log:
      - waiting for locator('[class=\'btn primary-btn submit-btn-size btn-secondary\']')
        - locator resolved to <button type="button" class="btn primary-btn submit-btn-size btn-secondary">…</button>
      - attempting click action
        2 × waiting for element to be visible, enabled and stable
          - element is not visible
        - retrying click action
        - waiting 20ms
        2 × waiting for element to be visible, enabled and stable
          - element is not visible
        - retrying click action
          - waiting 100ms
        49 × waiting for element to be visible, enabled and stable
           - element is not visible
         - retrying click action
           - waiting 500ms


       at ..\POM_AdminPages\AdoptionPage.js:255

      253 |
      254 |   async clickCompleteBtn() {
    > 255 |     await this.completeBtn.click();
          |                            ^
      256 |   }
      257 |
      258 |   async pickCalenderStartDate(date, month, year) {
        at AdoptionPage.clickCompleteBtn (C:\Users\ArunkumarRagavan\PetClinic_VScode\POM_AdminPages\AdoptionPage.js:255:28)
        at C:\Users\ArunkumarRagavan\PetClinic_VScode\tests\AdminTest\AdoptionTest.spec.js:175:28

    Error Context: ..\test-results\AdminTest-AdoptionTest-TS0-60688-C008---Select-Foster-Active-chromium\error-context.md
]]>
</failure>
<system-out>
<![CDATA[error

[[ATTACHMENT|..\test-results\AdminTest-AdoptionTest-TS0-60688-C008---Select-Foster-Active-chromium\error-context.md]]
]]>
</system-out>
</testcase>
<testcase name="TS02 - Adoption Requests Module Tests › TC009 - Select Trial Active" classname="AdminTest\AdoptionTest.spec.js" time="30.012">
<failure message="AdoptionTest.spec.js:180:5 TC009 - Select Trial Active" type="FAILURE">
<![CDATA[  [chromium] › AdminTest\AdoptionTest.spec.js:180:5 › TS02 - Adoption Requests Module Tests › TC009 - Select Trial Active 

    Test timeout of 30000ms exceeded.

    Error: locator.click: Test ended.
    Call log:
      - waiting for locator('.v-slide-group__wrapper>div>div~div').nth(5)


       at ..\POM_AdminPages\AdoptionPage.js:194

      192 |   async clickTrialActive(searchValue, givenPetName, givenCustomerName) {
      193 |
    > 194 |     await this.selectTrialActive.click();
          |                                  ^
      195 |     await this.page.waitForTimeout(1000);
      196 |     await this.activeSearch.fill(searchValue);
      197 |     await this.page.waitForTimeout(2000);
        at AdoptionPage.clickTrialActive (C:\Users\ArunkumarRagavan\PetClinic_VScode\POM_AdminPages\AdoptionPage.js:194:34)
        at C:\Users\ArunkumarRagavan\PetClinic_VScode\tests\AdminTest\AdoptionTest.spec.js:183:28

    Error Context: ..\test-results\AdminTest-AdoptionTest-TS0-38401-TC009---Select-Trial-Active-chromium\error-context.md
]]>
</failure>
<system-out>
<![CDATA[
[[ATTACHMENT|..\test-results\AdminTest-AdoptionTest-TS0-38401-TC009---Select-Trial-Active-chromium\error-context.md]]
]]>
</system-out>
</testcase>
</testsuite>
</testsuites>