<testsuites id="" name="" tests="4" failures="0" skipped="0" errors="0" time="31.373752">
<testsuite name="AdminTest\TaskPolicyTest.spec.js" timestamp="2025-10-06T13:41:22.442Z" hostname="chromium" tests="4" failures="0" skipped="0" time="23.816" errors="0">
<testcase name="TS03 - Material Category › TC001 - Login with valid Credentials" classname="AdminTest\TaskPolicyTest.spec.js" time="6.119">
</testcase>
<testcase name="TS03 - Material Category › TC002 - Select User Role" classname="AdminTest\TaskPolicyTest.spec.js" time="7.11">
</testcase>
<testcase name="TS03 - Material Category › TC003 - Navigate to Task Policy" classname="AdminTest\TaskPolicyTest.spec.js" time="4.379">
</testcase>
<testcase name="TS03 - Material Category › TC008 - delete task policy" classname="AdminTest\TaskPolicyTest.spec.js" time="6.208">
</testcase>
</testsuite>
</testsuites>