<testsuites id="" name="" tests="11" failures="1" skipped="7" errors="0" time="72.35936699999999">
<testsuite name="AdminTest\PurchaseEntryTest.spec.js" timestamp="2025-11-05T12:34:14.811Z" hostname="chromium" tests="11" failures="1" skipped="7" time="54.625" errors="0">
<testcase name="TS03 - Material Category › TC001 - Login with valid Credentials" classname="AdminTest\PurchaseEntryTest.spec.js" time="6.331">
</testcase>
<testcase name="TS03 - Material Category › TC002 - Select User Role" classname="AdminTest\PurchaseEntryTest.spec.js" time="9.135">
</testcase>
<testcase name="TS03 - Material Category › TC003 - Navigate to Purchase order" classname="AdminTest\PurchaseEntryTest.spec.js" time="9.147">
</testcase>
<testcase name="TS03 - Material Category › TC004 - add Purchase order" classname="AdminTest\PurchaseEntryTest.spec.js" time="30.011">
<failure message="PurchaseEntryTest.spec.js:47:5 TC004 - add Purchase order" type="FAILURE">
<![CDATA[  [chromium] › AdminTest\PurchaseEntryTest.spec.js:47:5 › TS03 - Material Category › TC004 - add Purchase order 

    Test timeout of 30000ms exceeded.

    Error: locator.click: Test ended.
    Call log:
      - waiting for locator('button[class=\'el-button el-button--default el-button--small\']')
        - locator resolved to <button type="button" class="el-button el-button--default el-button--small">…</button>


       at ..\POM_AdminPages\PurchaseEntryPage.js:156

      154 |
      155 |     async clickConfirmationMessageNo() {
    > 156 |         await this.confirmationMessageNo.click();
          |                                          ^
      157 |
      158 |
      159 |
        at PurchaseEntryPage.clickConfirmationMessageNo (C:\PetClinic_ArunKumar\petclinic-playwright-test\POM_AdminPages\PurchaseEntryPage.js:156:42)
        at C:\PetClinic_ArunKumar\petclinic-playwright-test\tests\AdminTest\PurchaseEntryTest.spec.js:74:33

    Error Context: ..\test-results\AdminTest-PurchaseEntryTes-33c6f--TC004---add-Purchase-order-chromium\error-context.md
]]>
</failure>
<system-out>
<![CDATA[
[[ATTACHMENT|..\test-results\AdminTest-PurchaseEntryTes-33c6f--TC004---add-Purchase-order-chromium\error-context.md]]
]]>
</system-out>
</testcase>
<testcase name="TS03 - Material Category › TC005 - edit Purchase order" classname="AdminTest\PurchaseEntryTest.spec.js" time="0.001">
<skipped>
</skipped>
</testcase>
<testcase name="TS03 - Material Category › TC006 - delete Purchase order" classname="AdminTest\PurchaseEntryTest.spec.js" time="0">
<skipped>
</skipped>
</testcase>
<testcase name="TS03 - Material Category › TC007 - Back to Purchase order dashboard" classname="AdminTest\PurchaseEntryTest.spec.js" time="0">
<skipped>
</skipped>
</testcase>
<testcase name="TS03 - Material Category › TC008 - cancel Purchase order" classname="AdminTest\PurchaseEntryTest.spec.js" time="0">
<skipped>
</skipped>
</testcase>
<testcase name="TS03 - Material Category › TC009 - delete material order" classname="AdminTest\PurchaseEntryTest.spec.js" time="0">
<skipped>
</skipped>
</testcase>
<testcase name="TS03 - Material Category › TC010 - received goods" classname="AdminTest\PurchaseEntryTest.spec.js" time="0">
<skipped>
</skipped>
</testcase>
<testcase name="TS03 - Material Category › TC011 - return goods" classname="AdminTest\PurchaseEntryTest.spec.js" time="0">
<skipped>
</skipped>
</testcase>
</testsuite>
</testsuites>