<testsuites id="" name="" tests="4" failures="1" skipped="0" errors="0" time="27.149329">
<testsuite name="AdminTest\DiscountMasterTest.spec.js" timestamp="2025-09-19T07:39:12.180Z" hostname="chromium" tests="4" failures="1" skipped="0" time="21.072" errors="0">
<testcase name="TS05 - Service Category › TC001 - Login with valid Credentials" classname="AdminTest\DiscountMasterTest.spec.js" time="6.147">
</testcase>
<testcase name="TS05 - Service Category › TC002 - Select User Role" classname="AdminTest\DiscountMasterTest.spec.js" time="7.287">
</testcase>
<testcase name="TS05 - Service Category › TC003 - Navigate to DiscountMaster " classname="AdminTest\DiscountMasterTest.spec.js" time="5.394">
</testcase>
<testcase name="TS05 - Service Category › TC004 - Add discount Master" classname="AdminTest\DiscountMasterTest.spec.js" time="2.244">
<failure message="DiscountMasterTest.spec.js:47:5 TC004 - Add discount Master" type="FAILURE">
<![CDATA[  [chromium] › AdminTest\DiscountMasterTest.spec.js:47:5 › TS05 - Service Category › TC004 - Add discount Master 

    TypeError: Cannot read properties of undefined (reading 'fill')

       at ..\POM_AdminPages\DiscountMasterPage.js:71

      69 |         await this.remarkName.fill(remarkName);
      70 |
    > 71 |         await this.description.fill(description);
         |                                ^
      72 |
      73 |     }
      74 |
        at DiscountMasterPage.addDiscountMaster (C:\Users\ArunkumarRagavan\PetClinic_VScode\POM_AdminPages\DiscountMasterPage.js:71:32)
        at C:\Users\ArunkumarRagavan\PetClinic_VScode\tests\AdminTest\DiscountMasterTest.spec.js:50:9

    Error Context: ..\test-results\AdminTest-DiscountMasterTe-57a0e-TC004---Add-discount-Master-chromium\error-context.md
]]>
</failure>
<system-out>
<![CDATA[
[[ATTACHMENT|..\test-results\AdminTest-DiscountMasterTe-57a0e-TC004---Add-discount-Master-chromium\error-context.md]]
]]>
</system-out>
</testcase>
</testsuite>
</testsuites>