<testsuites id="" name="" tests="3" failures="1" skipped="0" errors="0" time="21.777712">
<testsuite name="AdminTest\StorageLocation.spec.js" timestamp="2025-09-12T10:28:14.930Z" hostname="chromium" tests="3" failures="1" skipped="0" time="14.403" errors="0">
<testcase name="TS03 - Storage Location › TC001 - Login with valid Credentials" classname="AdminTest\StorageLocation.spec.js" time="6.132">
</testcase>
<testcase name="TS03 - Storage Location › TC002 - Select User Role" classname="AdminTest\StorageLocation.spec.js" time="6.363">
</testcase>
<testcase name="TS03 - Storage Location › Tc003 - storagelocation" classname="AdminTest\StorageLocation.spec.js" time="1.908">
<failure message="StorageLocation.spec.js:42:5 Tc003 - storagelocation" type="FAILURE">
<![CDATA[  [chromium] › AdminTest\StorageLocation.spec.js:42:5 › TS03 - Storage Location › Tc003 - storagelocation 

    TypeError: Cannot read properties of undefined (reading 'waitForTimeout')

       at ..\POM_AdminPages\StorageLocationPage.js:40

      38 |
      39 |         await this.addStorageLocationBtn.click();
    > 40 |         await this.page.waitForTimeout(1000);
         |                         ^
      41 |         await this.storageLocation.fill("new store");
      42 |         await this.page.waitForTimeout(1000);
      43 |         await this.storageUser.click();
        at StorageLocation.clickAddStorageLocation (C:\Users\ArunkumarRagavan\PetClinic_VScode\POM_AdminPages\StorageLocationPage.js:40:25)
        at C:\Users\ArunkumarRagavan\PetClinic_VScode\tests\AdminTest\StorageLocation.spec.js:45:5

    Error Context: ..\test-results\AdminTest-StorageLocation--1a021-ion-Tc003---storagelocation-chromium\error-context.md
]]>
</failure>
<system-out>
<![CDATA[
[[ATTACHMENT|..\test-results\AdminTest-StorageLocation--1a021-ion-Tc003---storagelocation-chromium\error-context.md]]
]]>
</system-out>
</testcase>
</testsuite>
</testsuites>