<testsuites id="" name="" tests="10" failures="1" skipped="0" errors="0" time="80.817119">
<testsuite name="Admin\LoginTest.spec.js" timestamp="2025-08-25T12:10:59.546Z" hostname="chromium" tests="4" failures="0" skipped="0" time="23.717" errors="0">
<testcase name="TS01 - Login Test › TC001 - log in with valid credentials" classname="Admin\LoginTest.spec.js" time="5.746">
</testcase>
<testcase name="TS01 - Login Test › TC002 - log in with Invalid Username " classname="Admin\LoginTest.spec.js" time="6.335">
</testcase>
<testcase name="TS01 - Login Test › TC003 - log in with Invalid Password " classname="Admin\LoginTest.spec.js" time="7.095">
</testcase>
<testcase name="TS01 - Login Test › TC004 - log in with Invalid Credentials " classname="Admin\LoginTest.spec.js" time="4.541">
</testcase>
</testsuite>
<testsuite name="Admin\UserTest.spec.js" timestamp="2025-08-25T12:10:59.546Z" hostname="chromium" tests="6" failures="1" skipped="0" time="49.29" errors="0">
<testcase name="TS02 - User Management Test › TC001 - Login with valid Credentials" classname="Admin\UserTest.spec.js" time="2.134">
</testcase>
<testcase name="TS02 - User Management Test › TC002 - Select User Role" classname="Admin\UserTest.spec.js" time="5.166">
</testcase>
<testcase name="TS02 - User Management Test › TC003 - Navigate to Users Module" classname="Admin\UserTest.spec.js" time="1.304">
</testcase>
<testcase name="TS02 - User Management Test › TC004 - Click Add User Button" classname="Admin\UserTest.spec.js" time="2.172">
</testcase>
<testcase name="TS02 - User Management Test › TC005 - date picker" classname="Admin\UserTest.spec.js" time="8.508">
</testcase>
<testcase name="TS02 - User Management Test › TC006 - Add User with valid data" classname="Admin\UserTest.spec.js" time="30.006">
<failure message="UserTest.spec.js:60:5 TC006 - Add User with valid data" type="FAILURE">
<![CDATA[  [chromium] › Admin\UserTest.spec.js:60:5 › TS02 - User Management Test › TC006 - Add User with valid data 

    Test timeout of 30000ms exceeded.

    Error: locator.click: Test ended.
    Call log:
      - waiting for locator('//*[name()=\'svg\'][@class=\'fa-xs back-arrow svg-inline--fa fa-arrow-left fa-w-14\']')
        - locator resolved to <svg role="img" focusable="false" data-prefix="fas" aria-hidden="true" viewBox="0 0 448 512" data-icon="arrow-left" xmlns="http://www.w3.org/2000/svg" class="fa-xs back-arrow svg-inline--fa fa-arrow-left fa-w-14">…</svg>
      - attempting click action
        2 × waiting for element to be visible, enabled and stable
          - element is not visible
        - retrying click action
        - waiting 20ms
        2 × waiting for element to be visible, enabled and stable
          - element is not visible
        - retrying click action
          - waiting 100ms
        18 × waiting for element to be visible, enabled and stable
           - element is not visible
         - retrying click action
           - waiting 500ms


      67 |         await usersPage.addUserOtherDocuments();
      68 |         await usersPage.clickCancelBtn();
    > 69 |         await usersPage.backBtn.click();
         |                                 ^
      70 |     })
      71 |     
      72 |
        at C:\Users\ArunkumarRagavan\PetClinic_VScode\tests\Admin\UserTest.spec.js:69:33

    Error Context: ..\test-results\Admin-UserTest-TS02---User-cd832----Add-User-with-valid-data-chromium\error-context.md
]]>
</failure>
<system-out>
<![CDATA[
[[ATTACHMENT|..\test-results\Admin-UserTest-TS02---User-cd832----Add-User-with-valid-data-chromium\error-context.md]]
]]>
</system-out>
</testcase>
</testsuite>
</testsuites>