<testsuites id="" name="" tests="4" failures="0" skipped="0" errors="0" time="29.196675">
<testsuite name="AdminTest\ServiceMasterTest.spec.js" timestamp="2025-09-17T09:39:59.080Z" hostname="chromium" tests="4" failures="0" skipped="0" time="21.724" errors="0">
<testcase name="TS04 - Service Master › TC001 - Login with valid Credentials" classname="AdminTest\ServiceMasterTest.spec.js" time="6.144">
</testcase>
<testcase name="TS04 - Service Master › TC002 - Select User Role" classname="AdminTest\ServiceMasterTest.spec.js" time="7.146">
</testcase>
<testcase name="TS04 - Service Master › TC003 - Navigate to ServiceMaster " classname="AdminTest\ServiceMasterTest.spec.js" time="6.034">
</testcase>
<testcase name="TS04 - Service Master › TC007 - Select Category " classname="AdminTest\ServiceMasterTest.spec.js" time="2.4">
</testcase>
</testsuite>
</testsuites>