<testsuites id="" name="" tests="21" failures="2" skipped="0" errors="0" time="67.64066700000001">
<testsuite name="AdminTest\SalesTest.spec.js" timestamp="2025-09-25T14:32:33.557Z" hostname="chromium" tests="21" failures="2" skipped="0" time="55.594" errors="0">
<testcase name="TS03 - Report › TC001 - Login with valid Credentials" classname="AdminTest\SalesTest.spec.js" time="6.154">
</testcase>
<testcase name="TS03 - Report › TC002 - Select User Role" classname="AdminTest\SalesTest.spec.js" time="7.168">
</testcase>
<testcase name="TS03 - Report › TC003 - Navigate to sales" classname="AdminTest\SalesTest.spec.js" time="10.928">
</testcase>
<testcase name="TS03 - Report › TC004 - view order details in op Tab" classname="AdminTest\SalesTest.spec.js" time="5.077">
</testcase>
<testcase name="TS03 - Report › TC004 - get medicine details in op Tab" classname="AdminTest\SalesTest.spec.js" time="0.027">
<system-out>
<![CDATA[[ [32m'Consultation 15 Min'[39m, [32m'Simparica'[39m ]
]]>
</system-out>
</testcase>
<testcase name="TS03 - Report › TC005 - get amount details in op Tab" classname="AdminTest\SalesTest.spec.js" time="0.086">
<system-out>
<![CDATA[[
  [32m'Subtotal'[39m,
  [32m'AED 195.00'[39m,
  [32m'Total Tax'[39m,
  [32m'AED 9.75'[39m,
  [32m'Discount (0%)'[39m,
  [32m'- AED 0.00'[39m,
  [32m'Total'[39m,
  [32m'AED 204.75'[39m
]
]]>
</system-out>
</testcase>
<testcase name="TS03 - Report › TC006 - view order details in All Tab" classname="AdminTest\SalesTest.spec.js" time="7.342">
</testcase>
<testcase name="TS03 - Report › TC007 - get medicine details in All Tab" classname="AdminTest\SalesTest.spec.js" time="0.014">
<system-out>
<![CDATA[OP Appointmnet Details : [ [32m'Adoption'[39m ]
]]>
</system-out>
</testcase>
<testcase name="TS03 - Report › TC008 - get amount details in All Tab" classname="AdminTest\SalesTest.spec.js" time="0.076">
<system-out>
<![CDATA[[
  [32m'Subtotal'[39m,
  [32m'AED 1000.00'[39m,
  [32m'Total Tax'[39m,
  [32m'AED 50.00'[39m,
  [32m'Discount (0%)'[39m,
  [32m'- AED 0.00'[39m,
  [32m'Total'[39m,
  [32m'AED 1050.00'[39m
]
]]>
</system-out>
</testcase>
<testcase name="TS03 - Report › TC006 - view order details in Ip Tab" classname="AdminTest\SalesTest.spec.js" time="4.818">
</testcase>
<testcase name="TS03 - Report › TC007 - get medicine details in Ip Tab" classname="AdminTest\SalesTest.spec.js" time="0.019">
<system-out>
<![CDATA[IP Appointmnet Details : [ [32m'Consultation 15 Min'[39m, [32m'Paracetomol '[39m ]
]]>
</system-out>
</testcase>
<testcase name="TS03 - Report › TC008 - get amount details in Ip Tab" classname="AdminTest\SalesTest.spec.js" time="0.088">
<system-out>
<![CDATA[[
  [32m'Subtotal'[39m,
  [32m'AED 275.00'[39m,
  [32m'Total Tax'[39m,
  [32m'AED 13.75'[39m,
  [32m'Discount (0%)'[39m,
  [32m'- AED 0.00'[39m,
  [32m'Total'[39m,
  [32m'AED 288.75'[39m
]
]]>
</system-out>
</testcase>
<testcase name="TS03 - Report › TC006 - view order details in Surrender Tab" classname="AdminTest\SalesTest.spec.js" time="4.762">
</testcase>
<testcase name="TS03 - Report › TC007 - get medicine details in Surrender Tab" classname="AdminTest\SalesTest.spec.js" time="0.009">
<system-out>
<![CDATA[Surrender Details : [ [32m'Surrender Personal'[39m ]
]]>
</system-out>
</testcase>
<testcase name="TS03 - Report › TC008 - get amount details in Surrender Tab" classname="AdminTest\SalesTest.spec.js" time="0.067">
<system-out>
<![CDATA[[
  [32m'Subtotal'[39m,
  [32m'AED 190.48'[39m,
  [32m'Total Tax'[39m,
  [32m'AED 9.52'[39m,
  [32m'Discount (0%)'[39m,
  [32m'- AED 0.00'[39m,
  [32m'Total'[39m,
  [32m'AED 200.00'[39m
]
]]>
</system-out>
</testcase>
<testcase name="TS03 - Report › TC006 - view order details in Adoption Tab" classname="AdminTest\SalesTest.spec.js" time="6.155">
</testcase>
<testcase name="TS03 - Report › TC007 - get medicine details in Adoption Tab" classname="AdminTest\SalesTest.spec.js" time="0.02">
<system-out>
<![CDATA[Adoption Details : [ [32m'Adoption'[39m ]
]]>
</system-out>
</testcase>
<testcase name="TS03 - Report › TC008 - get amount details in Adoption Tab" classname="AdminTest\SalesTest.spec.js" time="0.085">
<system-out>
<![CDATA[[
  [32m'Subtotal'[39m,
  [32m'AED 1000.00'[39m,
  [32m'Total Tax'[39m,
  [32m'AED 50.00'[39m,
  [32m'Discount (0%)'[39m,
  [32m'- AED 0.00'[39m,
  [32m'Total'[39m,
  [32m'AED 1050.00'[39m
]
]]>
</system-out>
</testcase>
<testcase name="TS03 - Report › TC006 - view order details in Shop Tab" classname="AdminTest\SalesTest.spec.js" time="0.01">
<failure message="SalesTest.spec.js:159:5 TC006 - view order details in Shop Tab" type="FAILURE">
<![CDATA[  [chromium] › AdminTest\SalesTest.spec.js:159:5 › TS03 - Report › TC006 - view order details in Shop Tab 

    Error: locator.click: SyntaxError: Failed to execute 'evaluate' on 'Document': The string '//div[contains(text(),'Shop') and @role='tab']]' is not a valid XPath expression.
        at Object.queryAll (<anonymous>:5875:25)
        at InjectedScript._queryEngineAll (<anonymous>:6558:49)
        at InjectedScript.querySelectorAll (<anonymous>:6545:30)
        at eval (eval at evaluate (:291:30), <anonymous>:2:35)
        at UtilityScript.evaluate (<anonymous>:293:16)
        at UtilityScript.<anonymous> (<anonymous>:1:44)
    Call log:
      - waiting for locator('//div[contains(text(),\'Shop\') and @role=\'tab\']]')

        at Object.queryAll (<anonymous>:5875:25)
        at InjectedScript._queryEngineAll (<anonymous>:6558:49)
        at InjectedScript.querySelectorAll (<anonymous>:6545:30)
        at eval (eval at evaluate (:291:30), <anonymous>:2:35)
        at UtilityScript.evaluate (<anonymous>:293:16)
        at UtilityScript.<anonymous> (<anonymous>:1:44)
        at SalesPage.clickShopTab (C:\Users\ArunkumarRagavan\PetClinic_VScode\POM_AdminPages\SalesPage.js:60:28)
        at C:\Users\ArunkumarRagavan\PetClinic_VScode\tests\AdminTest\SalesTest.spec.js:161:25

    Error Context: ..\test-results\AdminTest-SalesTest-TS03---3ca8e-w-order-details-in-Shop-Tab-chromium\error-context.md
]]>
</failure>
<system-out>
<![CDATA[
[[ATTACHMENT|..\test-results\AdminTest-SalesTest-TS03---3ca8e-w-order-details-in-Shop-Tab-chromium\error-context.md]]
]]>
</system-out>
</testcase>
<testcase name="TS03 - Report › TC007 - get medicine details in Shop Tab" classname="AdminTest\SalesTest.spec.js" time="0.01">
<system-out>
<![CDATA[Shop Details : []
]]>
</system-out>
</testcase>
<testcase name="TS03 - Report › TC008 - get amount details in Shop Tab" classname="AdminTest\SalesTest.spec.js" time="2.679">
<failure message="SalesTest.spec.js:173:5 TC008 - get amount details in Shop Tab" type="FAILURE">
<![CDATA[  [chromium] › AdminTest\SalesTest.spec.js:173:5 › TS03 - Report › TC008 - get amount details in Shop Tab 

    Error: locator.click: Target page, context or browser has been closed
    Call log:
      - waiting for locator('//button[@class=\'btn cancelbtn-color btn-secondary\']')


       at ..\POM_AdminPages\SalesPage.js:105

      103 |
      104 |     async clickBackBtn(){
    > 105 |         await this.backBtn.click();
          |                            ^
      106 |     }
      107 |
      108 |
        at SalesPage.clickBackBtn (C:\Users\ArunkumarRagavan\PetClinic_VScode\POM_AdminPages\SalesPage.js:105:28)
        at C:\Users\ArunkumarRagavan\PetClinic_VScode\tests\AdminTest\SalesTest.spec.js:177:25
]]>
</failure>
<system-out>
<![CDATA[[]
]]>
</system-out>
</testcase>
</testsuite>
</testsuites>