<testsuites id="" name="" tests="8" failures="0" skipped="8" errors="0" time="2.144232">
<testsuite name="AdminTest\VaccineMasterTest.spec.js" timestamp="2025-10-24T11:37:59.025Z" hostname="chromium" tests="8" failures="0" skipped="8" time="0.001" errors="0">
<testcase name="TS05 - VaccineMaster › TC001 - Login with valid Credentials" classname="AdminTest\VaccineMasterTest.spec.js" time="0.001">
<skipped>
</skipped>
</testcase>
<testcase name="TS05 - VaccineMaster › TC002 - Select User Role" classname="AdminTest\VaccineMasterTest.spec.js" time="0">
<skipped>
</skipped>
</testcase>
<testcase name="TS05 - VaccineMaster › TC003 - Navigate to VaccineMaster " classname="AdminTest\VaccineMasterTest.spec.js" time="0">
<skipped>
</skipped>
</testcase>
<testcase name="TS05 - VaccineMaster › TC004 - Add Vaccine Master " classname="AdminTest\VaccineMasterTest.spec.js" time="0">
<skipped>
</skipped>
</testcase>
<testcase name="TS05 - VaccineMaster › TC005 - Cancel the add vaccine master " classname="AdminTest\VaccineMasterTest.spec.js" time="0">
<skipped>
</skipped>
</testcase>
<testcase name="TS05 - VaccineMaster › TC006 - Edit Vaccine Master" classname="AdminTest\VaccineMasterTest.spec.js" time="0">
<skipped>
</skipped>
</testcase>
<testcase name="TS05 - VaccineMaster › TC008 - view Vaccine Master " classname="AdminTest\VaccineMasterTest.spec.js" time="0">
<skipped>
</skipped>
</testcase>
<testcase name="TS05 - VaccineMaster › TC009 - delete Vaccine Master" classname="AdminTest\VaccineMasterTest.spec.js" time="0">
<skipped>
</skipped>
</testcase>
<testcase name="TS03 - Task Stage › TC002 - Select User Role" classname="AdminTest\TaskStageTest.spec.js" time="0">
<skipped>
</skipped>
</testcase>
<testcase name="TS03 - Task Stage › TC003 - Navigate to Task Management" classname="AdminTest\TaskStageTest.spec.js" time="0">
<skipped>
</skipped>
</testcase>
<testcase name="TS03 - Task Stage › TC005 - Cancel task stage with valid data" classname="AdminTest\TaskStageTest.spec.js" time="0">
<skipped>
</skipped>
</testcase>
<testcase name="TS03 - Task Stage › TC006 - edit task stage details" classname="AdminTest\TaskStageTest.spec.js" time="0">
<skipped>
</skipped>
</testcase>
<testcase name="TS03 - Task Stage › TC007 - view task stage" classname="AdminTest\TaskStageTest.spec.js" time="0">
<skipped>
</skipped>
</testcase>
<testcase name="TS03 - Task Stage › TC008 - delete task stage details" classname="AdminTest\TaskStageTest.spec.js" time="0">
<skipped>
</skipped>
</testcase>
<testcase name="TS03 - Task Stage › TC009 - Add task stage with Invalid data" classname="AdminTest\TaskStageTest.spec.js" time="0">
<skipped>
</skipped>
</testcase>
</testsuite>
</testsuites>